<?xml version="1.0" encoding="UTF-8"?>
<testng-results ignored="0" total="1" passed="1" failed="0" skipped="0">
  <reporter-output>
  </reporter-output>
  <suite started-at="2022-11-30T02:23:39 IST" name="Default suite" finished-at="2022-11-30T02:24:16 IST" duration-ms="37464">
    <groups>
    </groups>
    <test started-at="2022-11-30T02:23:39 IST" name="Default test" finished-at="2022-11-30T02:24:16 IST" duration-ms="37464">
      <class name="qa.MasterLoginTest">
        <test-method signature="ValidCred()[pri:0, instance:qa.MasterLoginTest@2fb3536e]" started-at="2022-11-30T02:23:39 IST" name="ValidCred" finished-at="2022-11-30T02:24:16 IST" duration-ms="37429" status="PASS">
          <reporter-output>
          </reporter-output>
        </test-method> <!-- ValidCred -->
      </class> <!-- qa.MasterLoginTest -->
    </test> <!-- Default test -->
  </suite> <!-- Default suite -->
</testng-results>
